2025-09-02 15:06:43,601 - INFO - Login successful
2025-09-02 17:09:10,351 - INFO - Login successful
2025-09-02 17:09:21,927 - INFO - Начало пакетной выгрузки...
2025-09-02 17:09:21,989 - INFO - Период: 2024-09-02 - 2025-09-02
2025-09-02 17:09:21,993 - INFO - Папка: C:/Users/Ilya/Downloads
2025-09-02 17:09:21,994 - INFO - Получение списка объектов...
2025-09-02 17:09:21,995 - INFO - Получение списка всех объектов...
2025-09-02 17:09:22,740 - INFO - Найдено объектов: 3182
2025-09-02 17:09:22,741 - INFO - Отфильтровано объектов с IMEI: 0
2025-09-02 17:09:22,742 - INFO - Не найдено объектов для выгрузки
2025-09-02 17:15:48,475 - INFO - Login successful
2025-09-02 17:15:55,079 - INFO - Получение списка всех объектов...
2025-09-02 17:15:55,079 - INFO - Запрос объектов с 0 по 999
2025-09-02 17:15:55,725 - INFO - Получено 1000 объектов в этой пачке
2025-09-02 17:15:56,726 - INFO - Запрос объектов с 1000 по 1999
2025-09-02 17:15:57,392 - INFO - Получено 1000 объектов в этой пачке
2025-09-02 17:15:58,394 - INFO - Запрос объектов с 2000 по 2999
2025-09-02 17:15:59,015 - INFO - Получено 1000 объектов в этой пачке
2025-09-02 17:16:00,016 - INFO - Запрос объектов с 3000 по 3999
2025-09-02 17:16:00,611 - INFO - Получено 182 объектов в этой пачке
2025-09-02 17:16:00,611 - INFO - Всего найдено объектов: 3182
2025-09-02 17:16:01,142 - WARNING - Не найден IMEI для объекта  Ford Transit 1588 KM-5 (ID: 28037272)
2025-09-02 17:16:01,664 - WARNING - Не найден IMEI для объекта  НИВА IE-2 8909 Ардельянов В.А. (ID: 23256768)
2025-09-02 17:16:02,192 - WARNING - Не найден IMEI для объекта (Вишняк) LADA LARGUS 3273 MT-4 (ID: 25418606)
2025-09-02 17:16:02,740 - WARNING - Не найден IMEI для объекта 1 Бурак И.И.6051 КК-5 (ID: 23363601)
2025-09-02 17:16:03,293 - WARNING - Не найден IMEI для объекта 1 Васьков УАЗ АО 3849-5 (ID: 22093532)
2025-09-02 17:16:03,844 - WARNING - Не найден IMEI для объекта 1 Вишняков 6336 IK-5 (ID: 23363606)
2025-09-02 17:16:04,382 - WARNING - Не найден IMEI для объекта 1 Высевка АК 6894-5 (ID: 23363608)
2025-09-02 17:16:04,932 - WARNING - Не найден IMEI для объекта 1 Гнаинский Шевроле Нива 6171 HI-5 (ID: 23411974)
2025-09-02 17:16:05,471 - WARNING - Не найден IMEI для объекта 1 Головенчик Н.А. ГАЗель AX 2896-5 (ID: 25834379)
2025-09-02 17:16:06,290 - WARNING - Не найден IMEI для объекта 1 Дембицкий 4672 IH-5 (ID: 23363590)
2025-09-02 17:16:06,846 - WARNING - Не найден IMEI для объекта 1 Жук 6147 HI-5 (ID: 23363598)
2025-09-02 17:16:07,652 - WARNING - Не найден IMEI для объекта 1 Карачун Лада Ларгус 4100 НН-5 (ID: 23411967)
2025-09-02 17:16:08,204 - WARNING - Не найден IMEI для объекта 1 Клепча 6148 НI-5 (ID: 23363581)
2025-09-02 17:16:08,772 - WARNING - Не найден IMEI для объекта 1 Кравцов 6580 IK-5 (ID: 23363595)
2025-09-02 17:16:09,333 - WARNING - Не найден IMEI для объекта 1 МАЗ-6501 (Аксенчик А.А.) (ID: 14974655)
2025-09-02 17:16:09,918 - WARNING - Не найден IMEI для объекта 1 МАЗ-555142 (Кучук В.В.) (ID: 14974635)
2025-09-02 17:16:10,480 - WARNING - Не найден IMEI для объекта 01 МАЗ-КУПАВА AX 6479-5 (ID: 26043832)
2025-09-02 17:16:11,061 - WARNING - Не найден IMEI для объекта 1 Пилиповец УАЗ 7РI T 3026 (ID: 22093533)
2025-09-02 17:16:11,610 - WARNING - Не найден IMEI для объекта 1 Соловьев 1218 Маз АХ 2874-5 (ID: 25302478)
2025-09-02 17:16:12,168 - WARNING - Не найден IMEI для объекта 1 Хаменка ПАЗ АН 8288-5 (ID: 22093525)
2025-09-02 17:16:12,711 - WARNING - Не найден IMEI для объекта 1 Хоменко Н.П.  ГАЗЕЛЬ АМ 4584-5 (ID: 22093522)
2025-09-02 17:16:13,240 - WARNING - Не найден IMEI для объекта 1 Шаройкина Лада Ларгус 2008 НН-5 (ID: 23411979)
2025-09-02 17:16:13,835 - WARNING - Не найден IMEI для объекта 1 Шишковский Г.В. УАЗ АК 6758-5 (ID: 22093528)
2025-09-02 17:16:14,369 - WARNING - Не найден IMEI для объекта 1 Яловский Лада Ларгус 4099 НН-5 (ID: 23411963)
2025-09-02 17:16:14,920 - WARNING - Не найден IMEI для объекта 1. Цветинский А.В. УАЗ АМ 7918-2 (ID: 27329537)
2025-09-02 17:16:15,474 - WARNING - Не найден IMEI для объекта 1ПАНАСЮК АНДРЕЙ (ID: 19794372)
2025-09-02 17:16:16,310 - WARNING - Не найден IMEI для объекта 1Пухальская Ольга ГРОДНО (ID: 23781278)
2025-09-02 17:16:16,850 - WARNING - Не найден IMEI для объекта 2  МТЗ-920 (32-Шевченко С.И.) ОК-5 6384 (ID: 20900145)
2025-09-02 17:16:17,378 - WARNING - Не найден IMEI для объекта 2 JOHN DEERE (68-Игнатенко И.В.)6789 OM-5 (ID: 20904729)
2025-09-02 17:16:17,928 - WARNING - Не найден IMEI для объекта 02 VOLVO АМ 7666-5  п/п SCHMITZ А 2570В-5 (ID: 27456106)
2025-09-02 17:16:18,451 - WARNING - Не найден IMEI для объекта 2 Амкодор-332 (43-Шемет О.А. ) ОМ-5 6794 (ID: 20900143)
2025-09-02 17:16:18,996 - WARNING - Не найден IMEI для объекта 2 Амкодор-342 (30 - Воронов А.П.) ОК-5 6354 (ID: 20902224)
2025-09-02 17:16:19,526 - WARNING - Не найден IMEI для объекта 2 МТЗ 3522 (303-Ортюх В.С..) (ID: 17077460)
2025-09-02 17:16:20,086 - WARNING - Не найден IMEI для объекта 2 МТЗ-82 (4-Герасимович М.Н.) 8804 OK-5 (ID: 20887308)
2025-09-02 17:16:20,775 - WARNING - Не найден IMEI для объекта 2 МТЗ-82 (301-Трухан К.А.) (ID: 18340004)
2025-09-02 17:16:21,312 - WARNING - Не найден IMEI для объекта 2 МТЗ-1221 (11 - Летун В.М.) 8806 ОК-5 (ID: 20904742)
2025-09-02 17:16:21,980 - WARNING - Не найден IMEI для объекта 2 МТЗ-1523 (37-Парханович В.Н.)  8803 ОК-5 (ID: 20887835)
2025-09-02 17:16:22,521 - WARNING - Не найден IMEI для объекта 2 МТЗ-1523 (310-Добриневский А.И..) (ID: 21100566)
2025-09-02 17:16:23,095 - WARNING - Не найден IMEI для объекта 2 МТЗ-3022(17-Ланкевич С.А.) 6917 ОВ-5 (ID: 20889065)
2025-09-02 17:16:23,651 - WARNING - Не найден IMEI для объекта 2 ТО-332 (294-Гешкевич Ю..) (ID: 14974650)
2025-09-02 17:16:24,186 - WARNING - Не найден IMEI для объекта 2 ТО-352 (306-Ширко Н.Н.) (ID: 14974675)
2025-09-02 17:16:24,724 - WARNING - Не найден IMEI для объекта 02 Янковский 1216 МТЗ 1221 АВ-1 2248 (ID: 20861683)
2025-09-02 17:16:25,269 - WARNING - Не найден IMEI для объекта 03 KAMAZ  BA 5828-5 п/п А 2571В-5 (ID: 28243928)
2025-09-02 17:16:25,810 - WARNING - Не найден IMEI для объекта 3 Тарасюк Н.А. 1216  МТЗ 1221 АВ-1 2249 (ID: 20861651)
2025-09-02 17:16:26,372 - WARNING - Не найден IMEI для объекта 04 Scania AK 7512-5 (ID: 12540121)
2025-09-02 17:16:26,949 - WARNING - Не найден IMEI для объекта 4 Минаев А. 1216 МТЗ 6169 АА (ID: 20943344)
2025-09-02 17:16:27,494 - WARNING - Не найден IMEI для объекта 05 МАЗ AE 1513-5 (ID: 39144)
2025-09-02 17:16:28,088 - WARNING - Не найден IMEI для объекта 5 Штык А1216  А 342 АВ-1 2224 (ID: 20861638)
2025-09-02 17:16:28,627 - WARNING - Не найден IMEI для объекта 6 1216 А 342 АВ-2247 (ID: 20861666)
2025-09-02 17:16:29,182 - WARNING - Не найден IMEI для объекта 06 МАЗ AP 3965-5 (ID: 39140)
2025-09-02 17:16:29,753 - WARNING - Не найден IMEI для объекта 07 МАЗ АК 7678-5 (ID: 28837)
2025-09-02 17:16:30,604 - WARNING - Не найден IMEI для объекта 08 МАЗ AM 0901-5 (ID: 870988)
2025-09-02 17:16:31,170 - WARNING - Не найден IMEI для объекта 08 Михальчук 1216 А 352с АМ-1 1414 (ID: 20861636)
2025-09-02 17:16:31,724 - WARNING - Не найден IMEI для объекта 09 МАЗ АН 7899-5 (ID: 12470669)
2025-09-02 17:16:32,284 - WARNING - Не найден IMEI для объекта 9 Страдиньш  Manitou АМ-1 2859 (ID: 20861678)
2025-09-02 17:16:32,833 - WARNING - Не найден IMEI для объекта 10  МАЗ ВА 1051-5 (ID: 27096892)
2025-09-02 17:16:33,369 - WARNING - Не найден IMEI для объекта 10 Боярчук 1216 МТЗ 1221 АК-1 1369 (ID: 20861654)
2025-09-02 17:16:33,921 - WARNING - Не найден IMEI для объекта 11  МАЗ ВА 1054-5 (ID: 27096897)
2025-09-02 17:16:34,481 - WARNING - Не найден IMEI для объекта 11 Нехайчик 1216 Мтз-82 АК-1 0403 (ID: 20941754)
2025-09-02 17:16:35,085 - WARNING - Не найден IMEI для объекта 12 МАЗ ВА 1055-5 (ID: 27096900)
2025-09-02 17:16:35,387 - INFO - Начало пакетной выгрузки...
2025-09-02 17:16:35,388 - INFO - Период: 2024-09-02 - 2025-09-02
2025-09-02 17:16:35,391 - INFO - Папка: D:\Project\transform-script\wialon_export
2025-09-02 17:16:35,393 - INFO - Получение списка объектов...
2025-09-02 17:16:35,393 - INFO - Получение списка всех объектов...
2025-09-02 17:16:35,393 - INFO - Запрос объектов с 0 по 999
2025-09-02 17:16:35,651 - WARNING - Не найден IMEI для объекта 13 Качановский 1216 МТЗ 1221  АК-1 4757 (ID: 20861645)
2025-09-02 17:16:36,025 - INFO - Получено 1000 объектов в этой пачке
2025-09-02 17:16:36,200 - WARNING - Не найден IMEI для объекта 13 МАЗ АТ 6311-5 (ID: 22339137)
2025-09-02 17:16:36,770 - WARNING - Не найден IMEI для объекта 14 МАЗ AT 6312-5 (ID: 22618145)
2025-09-02 17:16:37,027 - INFO - Запрос объектов с 1000 по 1999
2025-09-02 17:16:37,324 - WARNING - Не найден IMEI для объекта 14 Яльницкий 1216 Мтз-922 АВ-1 5563 (ID: 20941759)
2025-09-02 17:16:37,618 - INFO - Получено 1000 объектов в этой пачке
2025-09-02 17:16:37,850 - WARNING - Не найден IMEI для объекта 15 Кот 1216 МТЗ 1221  АК-1 6386 (ID: 20861672)
2025-09-02 17:16:38,402 - WARNING - Не найден IMEI для объекта 15 МАЗ АТ 6313-5 (ID: 22339131)
2025-09-02 17:16:38,619 - INFO - Запрос объектов с 2000 по 2999
2025-09-02 17:16:38,982 - WARNING - Не найден IMEI для объекта 16 МАЗ AT 6935-5 (ID: 22618214)
2025-09-02 17:16:39,300 - INFO - Получено 1000 объектов в этой пачке
2025-09-02 17:16:39,534 - WARNING - Не найден IMEI для объекта 16 Максимук 1216 МТЗ 1221 АА 6954 (ID: 20861644)
2025-09-02 17:16:40,102 - WARNING - Не найден IMEI для объекта 17 МАЗ АТ 6936-5 (ID: 22339142)
2025-09-02 17:16:40,303 - INFO - Запрос объектов с 3000 по 3999
